[2023-01-14T15:01:58.346] [WARN] default - Se intento ingresar al a ruta /favicon.ico
[2023-01-14T15:01:59.377] [WARN] default - Se intento ingresar al a ruta /favicon.ico
[2023-01-14T15:02:00.170] [WARN] default - Se intento ingresar al a ruta /favicon.ico
[2023-01-14T15:03:36.890] [WARN] default - Se intento ingresar al a ruta /favicon.ico
[2023-01-14T15:04:05.299] [WARN] default - Se intento ingresar al a ruta /favicon.ico
[2023-01-14T15:04:06.385] [WARN] default - Se intento ingresar al a ruta /favicon.ico
[2023-01-14T15:04:07.206] [WARN] default - Se intento ingresar al a ruta /favicon.ico
[2023-01-14T15:04:08.458] [WARN] default - Se intento ingresar al a ruta /favicon.ico
[2023-01-14T15:04:46.627] [WARN] default - Se intento ingresar al a ruta /favicon.ico
[2023-01-14T15:04:47.664] [WARN] default - Se intento ingresar al a ruta /favicon.ico
[2023-01-14T23:25:18.188] [WARN] default - Se intento ingresar al a ruta /favicon.ico
[2023-01-14T23:25:22.135] [WARN] default - Se intento ingresar al a ruta /favicon.ico
[2023-01-14T23:25:23.617] [WARN] default - Se intento ingresar al a ruta /prueba
[2023-01-26T19:44:19.474] [WARN] default - Se intento ingresar a la ruta /
[2023-01-26T19:46:49.921] [WARN] default - Se intento ingresar a la ruta /register-alan
[2023-01-26T19:49:17.034] [WARN] default - Se intento ingresar a la ruta /
[2023-01-26T19:49:29.323] [WARN] default - Se intento ingresar a la ruta /favicon.ico
[2023-01-26T19:49:41.488] [WARN] default - Se intento ingresar a la ruta /
[2023-01-26T19:49:54.404] [WARN] default - Se intento ingresar a la ruta /
[2023-01-26T19:49:59.796] [WARN] default - Se intento ingresar a la ruta /favicon.ico
[2023-01-26T19:50:01.994] [WARN] default - Se intento ingresar a la ruta /favicon.ico
[2023-01-26T19:50:04.199] [WARN] default - Se intento ingresar a la ruta /favicon.ico
[2023-01-26T19:50:06.261] [WARN] default - Se intento ingresar a la ruta /
[2023-01-26T19:51:02.458] [WARN] default - Se intento ingresar a la ruta /favicon.ico
[2023-01-26T19:51:11.351] [WARN] default - Se intento ingresar a la ruta /favicon.ico
[2023-01-26T19:51:24.274] [WARN] default - Se intento ingresar a la ruta /
[2023-01-26T19:51:42.374] [WARN] default - Se intento ingresar a la ruta /favicon.ico
[2023-01-26T19:51:44.269] [WARN] default - Se intento ingresar a la ruta /favicon.ico
[2023-01-26T19:51:45.580] [WARN] default - Se intento ingresar a la ruta /
[2023-01-26T19:51:55.150] [WARN] default - Se intento ingresar a la ruta /
[2023-01-26T19:51:55.410] [WARN] default - Se intento ingresar a la ruta /favicon.ico
[2023-01-26T19:52:09.329] [WARN] default - Se intento ingresar a la ruta /
[2023-01-26T19:52:13.158] [WARN] default - Se intento ingresar a la ruta /
[2023-01-26T19:52:30.268] [WARN] default - Se intento ingresar a la ruta /
[2023-01-26T19:52:40.467] [WARN] default - Se intento ingresar a la ruta /
[2023-01-26T19:52:42.987] [WARN] default - Se intento ingresar a la ruta /
[2023-01-26T19:53:07.731] [WARN] default - Se intento ingresar a la ruta /
[2023-01-26T19:53:11.898] [WARN] default - Se intento ingresar a la ruta /
[2023-01-26T19:53:22.935] [WARN] default - Se intento ingresar a la ruta /favicon.ico
[2023-01-26T19:53:25.166] [WARN] default - Se intento ingresar a la ruta /favicon.ico
[2023-01-26T19:53:27.361] [WARN] default - Se intento ingresar a la ruta /favicon.ico
[2023-01-26T19:53:27.419] [WARN] default - Se intento ingresar a la ruta /
[2023-01-26T19:53:42.643] [WARN] default - Se intento ingresar a la ruta /
[2023-01-26T19:54:03.430] [WARN] default - Se intento ingresar a la ruta /api/products
[2023-01-26T19:54:09.979] [WARN] default - Se intento ingresar a la ruta /
[2023-01-26T19:54:13.372] [WARN] default - Se intento ingresar a la ruta /
[2023-01-26T19:54:16.049] [WARN] default - Se intento ingresar a la ruta /
[2023-01-26T19:56:29.108] [WARN] default - Se intento ingresar a la ruta /
[2023-01-26T19:56:42.541] [WARN] default - Se intento ingresar a la ruta /favicon.ico
[2023-01-26T19:56:44.814] [WARN] default - Se intento ingresar a la ruta /favicon.ico
[2023-01-26T19:56:46.654] [WARN] default - Se intento ingresar a la ruta /favicon.ico
[2023-01-26T19:56:48.826] [WARN] default - Se intento ingresar a la ruta /favicon.ico
[2023-01-26T19:56:51.020] [WARN] default - Se intento ingresar a la ruta /favicon.ico
[2023-01-26T19:56:53.610] [WARN] default - Se intento ingresar a la ruta /
[2023-01-26T19:59:52.104] [WARN] default - Se intento ingresar a la ruta /
[2023-01-26T20:00:00.339] [WARN] default - Se intento ingresar a la ruta /
[2023-01-26T20:00:04.964] [WARN] default - Se intento ingresar a la ruta /
[2023-01-26T20:00:16.565] [WARN] default - Se intento ingresar a la ruta /
[2023-01-26T20:00:32.969] [WARN] default - Se intento ingresar a la ruta /
[2023-01-26T20:00:34.287] [WARN] default - Se intento ingresar a la ruta /
[2023-01-26T20:00:47.043] [WARN] default - Se intento ingresar a la ruta /
[2023-01-26T20:00:56.270] [WARN] default - Se intento ingresar a la ruta /
[2023-01-26T20:00:57.989] [WARN] default - Se intento ingresar a la ruta /
[2023-01-26T20:01:40.098] [WARN] default - Se intento ingresar a la ruta /
[2023-01-26T20:02:48.039] [WARN] default - Se intento ingresar a la ruta /
[2023-01-26T20:02:50.503] [WARN] default - Se intento ingresar a la ruta /
[2023-01-26T20:03:07.455] [WARN] default - Se intento ingresar a la ruta /
[2023-01-26T20:03:36.053] [WARN] default - Se intento ingresar a la ruta /
[2023-01-26T20:03:58.540] [WARN] default - Se intento ingresar a la ruta /
[2023-01-26T20:04:14.867] [WARN] default - Se intento ingresar a la ruta /
[2023-01-26T20:07:52.080] [WARN] default - Se intento ingresar a la ruta /
[2023-01-26T20:09:27.039] [WARN] default - Se intento ingresar a la ruta /
[2023-01-26T20:09:28.860] [WARN] default - Se intento ingresar a la ruta /
[2023-01-26T20:10:12.417] [WARN] default - Se intento ingresar a la ruta /
[2023-01-26T20:10:20.723] [WARN] default - Se intento ingresar a la ruta /
[2023-01-26T20:25:12.630] [WARN] default - Se intento ingresar a la ruta /
[2023-01-26T23:26:43.210] [WARN] default - Se intento ingresar a la ruta /
[2023-01-26T23:28:18.791] [WARN] default - Se intento ingresar a la ruta /
[2023-01-26T23:28:22.049] [WARN] default - Se intento ingresar a la ruta /
[2023-01-26T23:28:31.208] [WARN] default - Se intento ingresar a la ruta /
[2023-01-26T23:28:37.505] [WARN] default - Se intento ingresar a la ruta /
[2023-01-26T23:28:41.758] [WARN] default - Se intento ingresar a la ruta /
[2023-01-26T23:28:46.905] [WARN] default - Se intento ingresar a la ruta /
[2023-01-26T23:28:56.267] [WARN] default - Se intento ingresar a la ruta /
[2023-01-26T23:29:03.057] [WARN] default - Se intento ingresar a la ruta /
[2023-01-26T23:29:08.450] [WARN] default - Se intento ingresar a la ruta /
[2023-01-26T23:29:56.066] [WARN] default - Se intento ingresar a la ruta /
[2023-01-26T23:30:16.368] [WARN] default - Se intento ingresar a la ruta /
[2023-01-26T23:30:20.988] [WARN] default - Se intento ingresar a la ruta /
[2023-01-26T23:30:23.353] [WARN] default - Se intento ingresar a la ruta /
[2023-01-26T23:30:34.677] [WARN] default - Se intento ingresar a la ruta /
[2023-01-26T23:30:36.570] [WARN] default - Se intento ingresar a la ruta /
[2023-01-26T23:30:38.894] [WARN] default - Se intento ingresar a la ruta /
[2023-01-26T23:31:19.830] [WARN] default - Se intento ingresar a la ruta /
[2023-01-26T23:31:45.452] [WARN] default - Se intento ingresar a la ruta /
[2023-01-26T23:31:55.344] [WARN] default - Se intento ingresar a la ruta /
[2023-01-27T19:52:06.653] [WARN] default - Se intento ingresar a la ruta /
[2023-01-27T19:53:54.694] [WARN] default - Se intento ingresar a la ruta /
[2023-01-27T19:54:24.765] [WARN] default - Se intento ingresar a la ruta /
[2023-01-27T19:55:02.719] [WARN] default - Se intento ingresar a la ruta /
[2023-01-27T19:55:35.547] [WARN] default - Se intento ingresar a la ruta /
[2023-01-27T19:56:18.711] [WARN] default - Se intento ingresar a la ruta /
[2023-01-27T19:56:39.840] [WARN] default - Se intento ingresar a la ruta /
[2023-01-27T20:00:58.967] [WARN] default - Se intento ingresar a la ruta /
[2023-01-27T20:01:07.758] [WARN] default - Se intento ingresar a la ruta /
[2023-01-27T20:01:21.197] [WARN] default - Se intento ingresar a la ruta /
[2023-01-27T20:01:28.800] [WARN] default - Se intento ingresar a la ruta /
[2023-01-27T20:01:39.419] [WARN] default - Se intento ingresar a la ruta /
[2023-01-27T20:01:46.063] [WARN] default - Se intento ingresar a la ruta /
[2023-01-27T20:06:56.697] [WARN] default - Se intento ingresar a la ruta /
[2023-01-27T20:08:00.303] [WARN] default - Se intento ingresar a la ruta /
[2023-01-27T20:08:23.194] [WARN] default - Se intento ingresar a la ruta /
[2023-01-27T20:08:38.439] [WARN] default - Se intento ingresar a la ruta /
[2023-01-27T20:08:46.195] [WARN] default - Se intento ingresar a la ruta /
[2023-01-27T20:09:05.066] [WARN] default - Se intento ingresar a la ruta /
[2023-01-27T20:09:10.083] [WARN] default - Se intento ingresar a la ruta /
[2023-01-27T20:10:06.756] [WARN] default - Se intento ingresar a la ruta /
[2023-01-27T20:10:14.351] [WARN] default - Se intento ingresar a la ruta /
[2023-01-27T20:11:12.065] [WARN] default - Se intento ingresar a la ruta /
[2023-01-27T20:11:17.101] [WARN] default - Se intento ingresar a la ruta /
[2023-01-27T20:11:34.543] [WARN] default - Se intento ingresar a la ruta /
[2023-01-27T20:12:10.908] [WARN] default - Se intento ingresar a la ruta /
[2023-01-27T20:12:20.138] [WARN] default - Se intento ingresar a la ruta /
[2023-01-27T20:12:46.850] [WARN] default - Se intento ingresar a la ruta /
[2023-01-27T20:12:58.095] [WARN] default - Se intento ingresar a la ruta /
[2023-01-27T20:13:03.147] [WARN] default - Se intento ingresar a la ruta /
[2023-01-27T20:13:22.503] [WARN] default - Se intento ingresar a la ruta /
[2023-01-27T20:13:36.452] [WARN] default - Se intento ingresar a la ruta /
[2023-01-27T20:14:14.272] [WARN] default - Se intento ingresar a la ruta /
[2023-01-27T20:14:33.907] [WARN] default - Se intento ingresar a la ruta /
[2023-01-27T20:15:27.817] [WARN] default - Se intento ingresar a la ruta /
[2023-01-27T20:45:09.065] [WARN] default - Se intento ingresar a la ruta /
[2023-01-27T20:45:14.800] [WARN] default - Se intento ingresar a la ruta /%20
[2023-01-27T20:45:24.135] [WARN] default - Se intento ingresar a la ruta /
[2023-01-27T20:45:36.516] [WARN] default - Se intento ingresar a la ruta /%20
[2023-01-27T20:45:43.084] [WARN] default - Se intento ingresar a la ruta /%20
[2023-01-27T20:45:54.291] [WARN] default - Se intento ingresar a la ruta /%20
[2023-01-27T20:46:00.253] [WARN] default - Se intento ingresar a la ruta /%20
[2023-01-27T21:29:43.113] [WARN] default - Se intento ingresar a la ruta /
[2023-01-27T21:30:13.041] [WARN] default - Se intento ingresar a la ruta /
[2023-01-27T21:30:43.414] [WARN] default - Se intento ingresar a la ruta /
[2023-01-27T21:31:01.779] [WARN] default - Se intento ingresar a la ruta /
[2023-01-27T21:31:14.847] [WARN] default - Se intento ingresar a la ruta /
[2023-01-27T21:32:04.225] [WARN] default - Se intento ingresar a la ruta /
[2023-01-27T21:32:23.583] [WARN] default - Se intento ingresar a la ruta /
[2023-01-27T21:33:01.582] [WARN] default - Se intento ingresar a la ruta /
[2023-01-27T21:34:01.054] [WARN] default - Se intento ingresar a la ruta /
[2023-02-03T19:54:51.069] [ERROR] default - Se produjo un error al enviar el mensaje de tecto al admin Error: The 'To' number 1125648152 is not a valid phone number.
[2023-02-03T19:55:39.333] [ERROR] default - Se produjo un error al enviar el mensaje de tecto al admin Error: The 'To' number 541125648152 is not a valid phone number.
[2023-02-03T19:57:18.823] [ERROR] default - Se produjo un error al enviar el mensaje de tecto al admin Error: The 'To' number 541125648152 is not a valid phone number.
[2023-02-03T20:50:33.844] [ERROR] default - Se produjo un error al enviar el mensaje de tecto al admin Error: The number  is unverified. Trial accounts cannot send messages to unverified numbers; verify  at twilio.com/user/account/phone-numbers/verified, or purchase a Twilio number to send messages to unverified numbers.
[2023-02-03T20:50:51.818] [ERROR] default - Se produjo un error al enviar el mensaje de tecto al admin Error: The number  is unverified. Trial accounts cannot send messages to unverified numbers; verify  at twilio.com/user/account/phone-numbers/verified, or purchase a Twilio number to send messages to unverified numbers.
[2023-02-03T20:51:37.713] [ERROR] default - Se produjo un error al enviar el mensaje de tecto al admin Error: The number  is unverified. Trial accounts cannot send messages to unverified numbers; verify  at twilio.com/user/account/phone-numbers/verified, or purchase a Twilio number to send messages to unverified numbers.
[2023-02-03T20:51:49.887] [ERROR] default - Se produjo un error al enviar el mensaje de tecto al admin Error: The number  is unverified. Trial accounts cannot send messages to unverified numbers; verify  at twilio.com/user/account/phone-numbers/verified, or purchase a Twilio number to send messages to unverified numbers.
[2023-02-03T20:51:56.094] [ERROR] default - Se produjo un error al enviar el mensaje de tecto al admin Error: The number  is unverified. Trial accounts cannot send messages to unverified numbers; verify  at twilio.com/user/account/phone-numbers/verified, or purchase a Twilio number to send messages to unverified numbers.
[2023-02-03T20:52:47.841] [ERROR] default - Se produjo un error al enviar el mensaje de tecto al admin Error: The number  is unverified. Trial accounts cannot send messages to unverified numbers; verify  at twilio.com/user/account/phone-numbers/verified, or purchase a Twilio number to send messages to unverified numbers.
[2023-02-03T20:53:02.096] [ERROR] default - Se produjo un error al enviar el mensaje de tecto al admin Error: The number  is unverified. Trial accounts cannot send messages to unverified numbers; verify  at twilio.com/user/account/phone-numbers/verified, or purchase a Twilio number to send messages to unverified numbers.
[2023-02-03T20:53:41.405] [ERROR] default - Se produjo un error al enviar el mensaje de tecto al admin Error: The number  is unverified. Trial accounts cannot send messages to unverified numbers; verify  at twilio.com/user/account/phone-numbers/verified, or purchase a Twilio number to send messages to unverified numbers.
[2023-02-03T20:53:47.686] [ERROR] default - Se produjo un error al enviar el mensaje de tecto al admin Error: The number  is unverified. Trial accounts cannot send messages to unverified numbers; verify  at twilio.com/user/account/phone-numbers/verified, or purchase a Twilio number to send messages to unverified numbers.
[2023-02-03T20:55:07.834] [ERROR] default - Se produjo un error al enviar el mensaje de tecto al admin Error: The number  is unverified. Trial accounts cannot send messages to unverified numbers; verify  at twilio.com/user/account/phone-numbers/verified, or purchase a Twilio number to send messages to unverified numbers.
[2023-02-03T21:35:14.733] [ERROR] default - Se produjo un error al enviar el mensaje de whatsapp al admin Error: The 'From' number whatsapp:+14155238886  is not a valid phone number, shortcode, or alphanumeric sender ID.
[2023-02-04T21:00:38.235] [ERROR] default - TypeError: Cannot read properties of undefined (reading 'userName')
    at file:///D:/Coder%20House/BackEnd/Desafio%2017/src/routes/routerCarts.js:190:36
    at process.processTicksAndRejections (node:internal/process/task_queues:95:5)
[2023-02-04T21:00:55.415] [ERROR] default - TypeError: Cannot read properties of undefined (reading '0')
    at file:///D:/Coder%20House/BackEnd/Desafio%2017/src/routes/routerCarts.js:190:32
    at process.processTicksAndRejections (node:internal/process/task_queues:95:5)
[2023-02-04T21:05:07.560] [ERROR] default - Se produjo un error al enviar el mensaje de tecto al admin Error: Authenticate
[2023-02-04T21:05:07.573] [ERROR] default - Se produjo un error al enviar el mensaje de whatsapp al admin Error: Authenticate
[2023-02-04T21:06:00.180] [ERROR] default - Se produjo un error al enviar el mensaje de tecto al admin Error: Authenticate
[2023-02-04T21:06:00.183] [ERROR] default - Se produjo un error al enviar el mensaje de whatsapp al admin Error: Authenticate
[2023-02-04T21:06:11.292] [ERROR] default - Se produjo un error al enviar el mensaje de tecto al admin Error: Authenticate
[2023-02-04T21:06:11.293] [ERROR] default - Se produjo un error al enviar el mensaje de whatsapp al admin Error: Authenticate
[2023-02-04T21:07:49.912] [ERROR] default - Se produjo un error al enviar el mensaje de whatsapp al admin Error: Authenticate
[2023-02-04T21:07:49.914] [ERROR] default - Se produjo un error al enviar el mensaje de tecto al admin Error: Authenticate
[2023-02-04T21:09:12.335] [ERROR] default - Se produjo un error al enviar el mensaje de texto al admin Error: Authenticate
[2023-02-04T21:09:12.342] [ERROR] default - Se produjo un error al enviar el mensaje de whatsapp al admin Error: Authenticate
